Occurrences of "#321"

BGU 17.2675 69 (file line 109718)
BGU 17.2675 78 (file line 109727)
BGU 17.2679 8 (file line 109804)
O.Sarga 2.372 8 (file line 3254)
P.Aberd. 2.33 10 (file line 540)
P.Aberd. 2.33 11 (file line 541)
P.Aberd. 2.33 12 (file line 542)
P.Aberd. 2.34 7 (file line 550)
P.Aberd. 2.34 15 (file line 558)
P.Aberd. 2.59 35 (file line 1631)
P.Aberd. 2.59 37 (file line 1633)
P.Aberd. 2.59 38 (file line 1634)
P.Bingen 1.132 8 (file line 3528)
P.Bingen 1.132 20 (file line 3540)
P.Bingen 1.132 35 (file line 3555)
P.Bingen 1.132 42 (file line 3562)
P.Bingen 1.132 43 (file line 3563)
P.Bingen 1.147 8 (file line 3949)
P.Oxy. 63.4397 369 (file line 128923)
P.Oxy. 63.4397 371 (file line 128925)
P.Oxy. 63.4397 372 (file line 128926)
P.Oxy. 63.4397 375 (file line 128929)
P.Oxy. 63.4397 376 (file line 128930)
P.Oxy. 63.4397 419 (file line 128973)
P.Oxy. 63.4397 444 (file line 128998)
P.Oxy. 63.4397 445 (file line 128999)
P.Oxy. 63.4397 446 (file line 129000)
P.Oxy. 63.4397 447 (file line 129001)
P.Oxy. 63.4397 454 (file line 129008)
P.Oxy. 63.4397 472 (file line 129026)
P.Oxy. 63.4397 483 (file line 129037)
P.Oxy. 63.4397 492 (file line 129046)
P.Oxy. 63.4397 499 (file line 129053)
P.Oxy. 63.4397 500 (file line 129054)
P.Oxy. 63.4397 503 (file line 129057)
P.Oxy. 63.4397 506 (file line 129060)
P.Oxy. 63.4397 514 (file line 129068)
P.Thomas 1.28 68 (file line 1206)
P.Thomas 1.29 8 (file line 1223)
P.Thomas 1.30 16 (file line 1246)
Stud.Pal. 10.117 23 (file line 30235)


Summary:  41 occurrences in 7 files.
